<?xml version="1.0" encoding="UTF-8"?>
<!-- Generated by org.testng.reporters.JUnitReportReporter -->
<testsuite hostname="DESKTOP-42ALJV1" name="com.runnerclass.TestRunnerClass" tests="1" failures="0" timestamp="29 Oct 2019 16:56:42 GMT" time="66.568" errors="0">
  <testcase name="feature" time="66.568" classname="com.runnerclass.TestRunnerClass"/>
</testsuite> <!-- com.runnerclass.TestRunnerClass -->
